# JRE version: OpenJDK Runtime Environment Temurin-21.0.7+6 (21.0.7+6) (build 21.0.7+6-LTS)
# Java VM: OpenJDK 64-Bit Server VM Temurin-21.0.7+6 (21.0.7+6-LTS, mixed mode, sharing, tiered, compressed oops, compressed class ptrs, parallel gc, windows-amd64)
GC Precious Log:
 CardTable entry size: 512
 CPUs: 8 total, 8 available
 Memory: 16265M
 Large Page Support: Disabled
 NUMA Support: Disabled
 Compressed Oops: Enabled (32-bit)
 Alignments: Space 512K, Generation 512K, Heap 2M
 Heap Min Capacity: 100M
 Heap Initial Capacity: 100M
 Heap Max Capacity: 1G
 Pre-touch: Disabled
 Parallel Workers: 8
Heap:
 PSYoungGen      total 5120K, used 608K [0x00000000eab00000, 0x00000000eb180000, 0x0000000100000000)
  eden space 3072K, 0% used [0x00000000eab00000,0x00000000eab00000,0x00000000eae00000)
  from space 2048K, 29% used [0x00000000eae00000,0x00000000eae98000,0x00000000eb000000)
  to   space 1536K, 0% used [0x00000000eb000000,0x00000000eb000000,0x00000000eb180000)
 ParOldGen       total 627200K, used 626846K [0x00000000c0000000, 0x00000000e6480000, 0x00000000eab00000)
  object space 627200K, 99% used [0x00000000c0000000,0x00000000e6427940,0x00000000e6480000)
 Metaspace       used 88364K, committed 90048K, reserved 1179648K
  class space    used 8879K, committed 9664K, reserved 1048576K
GC Heap History (20 events):
Event: 48177.049 GC heap after
{Heap after GC invocations=1321 (full 4):
 PSYoungGen      total 1536K, used 343K [0x00000000eab00000, 0x00000000eae80000, 0x0000000100000000)
  eden space 1024K, 0% used [0x00000000eab00000,0x00000000eab00000,0x00000000eac00000)
  from space 512K, 67% used [0x00000000eae00000,0x00000000eae55cb0,0x00000000eae80000)
  to   space 1024K, 0% used [0x00000000eac80000,0x00000000eac80000,0x00000000ead80000)
 ParOldGen       total 617984K, used 617717K [0x00000000c0000000, 0x00000000e5b80000, 0x00000000eab00000)
  object space 617984K, 99% used [0x00000000c0000000,0x00000000e5b3d788,0x00000000e5b80000)
 Metaspace       used 88361K, committed 90048K, reserved 1179648K
  class space    used 8879K, committed 9664K, reserved 1048576K
}
Event: 48177.056 GC heap before
{Heap before GC invocations=1322 (full 4):
 PSYoungGen      total 1536K, used 1364K [0x00000000eab00000, 0x00000000eae80000, 0x0000000100000000)
  eden space 1024K, 99% used [0x00000000eab00000,0x00000000eabff4b8,0x00000000eac00000)
  from space 512K, 67% used [0x00000000eae00000,0x00000000eae55cb0,0x00000000eae80000)
  to   space 1024K, 0% used [0x00000000eac80000,0x00000000eac80000,0x00000000ead80000)
 ParOldGen       total 617984K, used 617717K [0x00000000c0000000, 0x00000000e5b80000, 0x00000000eab00000)
  object space 617984K, 99% used [0x00000000c0000000,0x00000000e5b3d788,0x00000000e5b80000)
 Metaspace       used 88361K, committed 90048K, reserved 1179648K
  class space    used 8879K, committed 9664K, reserved 1048576K
}
Event: 48177.058 GC heap after
{Heap after GC invocations=1322 (full 4):
 PSYoungGen      total 2560K, used 956K [0x00000000eab00000, 0x00000000eaf80000, 0x0000000100000000)
  eden space 1536K, 0% used [0x00000000eab00000,0x00000000eab00000,0x00000000eac80000)
  from space 1024K, 93% used [0x00000000eac80000,0x00000000ead6f2a0,0x00000000ead80000)
  to   space 1536K, 0% used [0x00000000eae00000,0x00000000eae00000,0x00000000eaf80000)
 ParOldGen       total 617984K, used 617877K [0x00000000c0000000, 0x00000000e5b80000, 0x00000000eab00000)
  object space 617984K, 99% used [0x00000000c0000000,0x00000000e5b65788,0x00000000e5b80000)
 Metaspace       used 88361K, committed 90048K, reserved 1179648K
  class space    used 8879K, committed 9664K, reserved 1048576K
}
Event: 48177.066 GC heap before
{Heap before GC invocations=1323 (full 4):
 PSYoungGen      total 2560K, used 2114K [0x00000000eab00000, 0x00000000eaf80000, 0x0000000100000000)
  eden space 1536K, 75% used [0x00000000eab00000,0x00000000eac215b8,0x00000000eac80000)
  from space 1024K, 93% used [0x00000000eac80000,0x00000000ead6f2a0,0x00000000ead80000)
  to   space 1536K, 0% used [0x00000000eae00000,0x00000000eae00000,0x00000000eaf80000)
 ParOldGen       total 617984K, used 617877K [0x00000000c0000000, 0x00000000e5b80000, 0x00000000eab00000)
  object space 617984K, 99% used [0x00000000c0000000,0x00000000e5b65788,0x00000000e5b80000)
 Metaspace       used 88361K, committed 90048K, reserved 1179648K
  class space    used 8879K, committed 9664K, reserved 1048576K
}
Event: 48177.069 GC heap after
{Heap after GC invocations=1323 (full 4):
 PSYoungGen      total 3072K, used 707K [0x00000000eab00000, 0x00000000eaf00000, 0x0000000100000000)
  eden space 2048K, 0% used [0x00000000eab00000,0x00000000eab00000,0x00000000ead00000)
  from space 1024K, 69% used [0x00000000eae00000,0x00000000eaeb0e88,0x00000000eaf00000)
  to   space 1024K, 0% used [0x00000000ead00000,0x00000000ead00000,0x00000000eae00000)
 ParOldGen       total 619008K, used 618549K [0x00000000c0000000, 0x00000000e5c80000, 0x00000000eab00000)
  object space 619008K, 99% used [0x00000000c0000000,0x00000000e5c0d598,0x00000000e5c80000)
 Metaspace       used 88361K, committed 90048K, reserved 1179648K
  class space    used 8879K, committed 9664K, reserved 1048576K
}
Event: 48177.085 GC heap before
{Heap before GC invocations=1324 (full 4):
 PSYoungGen      total 3072K, used 2755K [0x00000000eab00000, 0x00000000eaf00000, 0x0000000100000000)
  eden space 2048K, 100% used [0x00000000eab00000,0x00000000ead00000,0x00000000ead00000)
  from space 1024K, 69% used [0x00000000eae00000,0x00000000eaeb0e88,0x00000000eaf00000)
  to   space 1024K, 0% used [0x00000000ead00000,0x00000000ead00000,0x00000000eae00000)
 ParOldGen       total 619008K, used 618549K [0x00000000c0000000, 0x00000000e5c80000, 0x00000000eab00000)
  object space 619008K, 99% used [0x00000000c0000000,0x00000000e5c0d598,0x00000000e5c80000)
 Metaspace       used 88362K, committed 90048K, reserved 1179648K
  class space    used 8879K, committed 9664K, reserved 1048576K
}
Event: 48177.088 GC heap after
{Heap after GC invocations=1324 (full 4):
 PSYoungGen      total 3072K, used 1002K [0x00000000eab00000, 0x00000000eb280000, 0x0000000100000000)
  eden space 2048K, 0% used [0x00000000eab00000,0x00000000eab00000,0x00000000ead00000)
  from space 1024K, 97% used [0x00000000ead00000,0x00000000eadfaa18,0x00000000eae00000)
  to   space 2560K, 0% used [0x00000000eb000000,0x00000000eb000000,0x00000000eb280000)
 ParOldGen       total 619520K, used 619466K [0x00000000c0000000, 0x00000000e5d00000, 0x00000000eab00000)
  object space 619520K, 99% used [0x00000000c0000000,0x00000000e5cf29c0,0x00000000e5d00000)
 Metaspace       used 88362K, committed 90048K, reserved 1179648K
  class space    used 8879K, committed 9664K, reserved 1048576K
}
Event: 48177.106 GC heap before
{Heap before GC invocations=1325 (full 4):
 PSYoungGen      total 3072K, used 3050K [0x00000000eab00000, 0x00000000eb280000, 0x0000000100000000)
  eden space 2048K, 100% used [0x00000000eab00000,0x00000000ead00000,0x00000000ead00000)
  from space 1024K, 97% used [0x00000000ead00000,0x00000000eadfaa18,0x00000000eae00000)
  to   space 2560K, 0% used [0x00000000eb000000,0x00000000eb000000,0x00000000eb280000)
 ParOldGen       total 619520K, used 619466K [0x00000000c0000000, 0x00000000e5d00000, 0x00000000eab00000)
  object space 619520K, 99% used [0x00000000c0000000,0x00000000e5cf29c0,0x00000000e5d00000)
 Metaspace       used 88362K, committed 90048K, reserved 1179648K
  class space    used 8879K, committed 9664K, reserved 1048576K
}
Event: 48177.111 GC heap after
{Heap after GC invocations=1325 (full 4):
 PSYoungGen      total 4096K, used 1216K [0x00000000eab00000, 0x00000000eb180000, 0x0000000100000000)
  eden space 2560K, 0% used [0x00000000eab00000,0x00000000eab00000,0x00000000ead80000)
  from space 1536K, 79% used [0x00000000eb000000,0x00000000eb130250,0x00000000eb180000)
  to   space 1536K, 0% used [0x00000000eae80000,0x00000000eae80000,0x00000000eb000000)
 ParOldGen       total 622080K, used 621661K [0x00000000c0000000, 0x00000000e5f80000, 0x00000000eab00000)
  object space 622080K, 99% used [0x00000000c0000000,0x00000000e5f177f8,0x00000000e5f80000)
 Metaspace       used 88362K, committed 90048K, reserved 1179648K
  class space    used 8879K, committed 9664K, reserved 1048576K
}
Event: 48177.140 GC heap before
{Heap before GC invocations=1326 (full 4):
 PSYoungGen      total 4096K, used 3776K [0x00000000eab00000, 0x00000000eb180000, 0x0000000100000000)
  eden space 2560K, 100% used [0x00000000eab00000,0x00000000ead80000,0x00000000ead80000)
  from space 1536K, 79% used [0x00000000eb000000,0x00000000eb130250,0x00000000eb180000)
  to   space 1536K, 0% used [0x00000000eae80000,0x00000000eae80000,0x00000000eb000000)
 ParOldGen       total 622080K, used 621661K [0x00000000c0000000, 0x00000000e5f80000, 0x00000000eab00000)
  object space 622080K, 99% used [0x00000000c0000000,0x00000000e5f177f8,0x00000000e5f80000)
 Metaspace       used 88364K, committed 90048K, reserved 1179648K
  class space    used 8879K, committed 9664K, reserved 1048576K
}
Event: 48177.143 GC heap after
{Heap after GC invocations=1326 (full 4):
 PSYoungGen      total 4096K, used 1520K [0x00000000eab00000, 0x00000000eb380000, 0x0000000100000000)
  eden space 2560K, 0% used [0x00000000eab00000,0x00000000eab00000,0x00000000ead80000)
  from space 1536K, 98% used [0x00000000eae80000,0x00000000eaffc178,0x00000000eb000000)
  to   space 3072K, 0% used [0x00000000eb080000,0x00000000eb080000,0x00000000eb380000)
 ParOldGen       total 623104K, used 622866K [0x00000000c0000000, 0x00000000e6080000, 0x00000000eab00000)
  object space 623104K, 99% used [0x00000000c0000000,0x00000000e6044a58,0x00000000e6080000)
 Metaspace       used 88364K, committed 90048K, reserved 1179648K
  class space    used 8879K, committed 9664K, reserved 1048576K
}
Event: 48177.155 GC heap before
{Heap before GC invocations=1327 (full 4):
 PSYoungGen      total 4096K, used 4080K [0x00000000eab00000, 0x00000000eb380000, 0x0000000100000000)
  eden space 2560K, 100% used [0x00000000eab00000,0x00000000ead80000,0x00000000ead80000)
  from space 1536K, 98% used [0x00000000eae80000,0x00000000eaffc178,0x00000000eb000000)
  to   space 3072K, 0% used [0x00000000eb080000,0x00000000eb080000,0x00000000eb380000)
 ParOldGen       total 623104K, used 622866K [0x00000000c0000000, 0x00000000e6080000, 0x00000000eab00000)
  object space 623104K, 99% used [0x00000000c0000000,0x00000000e6044a58,0x00000000e6080000)
 Metaspace       used 88364K, committed 90048K, reserved 1179648K
  class space    used 8879K, committed 9664K, reserved 1048576K
}
Event: 48177.159 GC heap after
{Heap after GC invocations=1327 (full 4):
 PSYoungGen      total 4096K, used 768K [0x00000000eab00000, 0x00000000eb180000, 0x0000000100000000)
  eden space 3072K, 0% used [0x00000000eab00000,0x00000000eab00000,0x00000000eae00000)
  from space 1024K, 75% used [0x00000000eb080000,0x00000000eb140000,0x00000000eb180000)
  to   space 1536K, 0% used [0x00000000eae80000,0x00000000eae80000,0x00000000eb000000)
 ParOldGen       total 624640K, used 624366K [0x00000000c0000000, 0x00000000e6200000, 0x00000000eab00000)
  object space 624640K, 99% used [0x00000000c0000000,0x00000000e61bba60,0x00000000e6200000)
 Metaspace       used 88364K, committed 90048K, reserved 1179648K
  class space    used 8879K, committed 9664K, reserved 1048576K
}
Event: 48177.173 GC heap before
{Heap before GC invocations=1328 (full 4):
 PSYoungGen      total 4096K, used 3840K [0x00000000eab00000, 0x00000000eb180000, 0x0000000100000000)
  eden space 3072K, 100% used [0x00000000eab00000,0x00000000eae00000,0x00000000eae00000)
  from space 1024K, 75% used [0x00000000eb080000,0x00000000eb140000,0x00000000eb180000)
  to   space 1536K, 0% used [0x00000000eae80000,0x00000000eae80000,0x00000000eb000000)
 ParOldGen       total 624640K, used 624366K [0x00000000c0000000, 0x00000000e6200000, 0x00000000eab00000)
  object space 624640K, 99% used [0x00000000c0000000,0x00000000e61bba60,0x00000000e6200000)
 Metaspace       used 88364K, committed 90048K, reserved 1179648K
  class space    used 8879K, committed 9664K, reserved 1048576K
}
Event: 48177.176 GC heap after
{Heap after GC invocations=1328 (full 4):
 PSYoungGen      total 5120K, used 736K [0x00000000eab00000, 0x00000000eb100000, 0x0000000100000000)
  eden space 3584K, 0% used [0x00000000eab00000,0x00000000eab00000,0x00000000eae80000)
  from space 1536K, 47% used [0x00000000eae80000,0x00000000eaf38000,0x00000000eb000000)
  to   space 1024K, 0% used [0x00000000eb000000,0x00000000eb000000,0x00000000eb100000)
 ParOldGen       total 625152K, used 624971K [0x00000000c0000000, 0x00000000e6280000, 0x00000000eab00000)
  object space 625152K, 99% used [0x00000000c0000000,0x00000000e6252e98,0x00000000e6280000)
 Metaspace       used 88364K, committed 90048K, reserved 1179648K
  class space    used 8879K, committed 9664K, reserved 1048576K
}
Event: 48177.196 GC heap before
{Heap before GC invocations=1329 (full 4):
 PSYoungGen      total 5120K, used 4320K [0x00000000eab00000, 0x00000000eb100000, 0x0000000100000000)
  eden space 3584K, 100% used [0x00000000eab00000,0x00000000eae80000,0x00000000eae80000)
  from space 1536K, 47% used [0x00000000eae80000,0x00000000eaf38000,0x00000000eb000000)
  to   space 1024K, 0% used [0x00000000eb000000,0x00000000eb000000,0x00000000eb100000)
 ParOldGen       total 625152K, used 624971K [0x00000000c0000000, 0x00000000e6280000, 0x00000000eab00000)
  object space 625152K, 99% used [0x00000000c0000000,0x00000000e6252e98,0x00000000e6280000)
 Metaspace       used 88364K, committed 90048K, reserved 1179648K
  class space    used 8879K, committed 9664K, reserved 1048576K
}
Event: 48177.199 GC heap after
{Heap after GC invocations=1329 (full 4):
 PSYoungGen      total 4096K, used 1024K [0x00000000eab00000, 0x00000000eb280000, 0x0000000100000000)
  eden space 3072K, 0% used [0x00000000eab00000,0x00000000eab00000,0x00000000eae00000)
  from space 1024K, 100% used [0x00000000eb000000,0x00000000eb100000,0x00000000eb100000)
  to   space 2048K, 0% used [0x00000000eae00000,0x00000000eae00000,0x00000000eb000000)
 ParOldGen       total 626176K, used 625795K [0x00000000c0000000, 0x00000000e6380000, 0x00000000eab00000)
  object space 626176K, 99% used [0x00000000c0000000,0x00000000e6320e98,0x00000000e6380000)
 Metaspace       used 88364K, committed 90048K, reserved 1179648K
  class space    used 8879K, committed 9664K, reserved 1048576K
}
Event: 48177.216 GC heap before
{Heap before GC invocations=1330 (full 4):
 PSYoungGen      total 4096K, used 3031K [0x00000000eab00000, 0x00000000eb280000, 0x0000000100000000)
  eden space 3072K, 65% used [0x00000000eab00000,0x00000000eacf5f00,0x00000000eae00000)
  from space 1024K, 100% used [0x00000000eb000000,0x00000000eb100000,0x00000000eb100000)
  to   space 2048K, 0% used [0x00000000eae00000,0x00000000eae00000,0x00000000eb000000)
 ParOldGen       total 626176K, used 625795K [0x00000000c0000000, 0x00000000e6380000, 0x00000000eab00000)
  object space 626176K, 99% used [0x00000000c0000000,0x00000000e6320e98,0x00000000e6380000)
 Metaspace       used 88364K, committed 90048K, reserved 1179648K
  class space    used 8879K, committed 9664K, reserved 1048576K
}
Event: 48177.220 GC heap after
{Heap after GC invocations=1330 (full 4):
 PSYoungGen      total 5120K, used 608K [0x00000000eab00000, 0x00000000eb180000, 0x0000000100000000)
  eden space 3072K, 0% used [0x00000000eab00000,0x00000000eab00000,0x00000000eae00000)
  from space 2048K, 29% used [0x00000000eae00000,0x00000000eae98000,0x00000000eb000000)
  to   space 1536K, 0% used [0x00000000eb000000,0x00000000eb000000,0x00000000eb180000)
 ParOldGen       total 627200K, used 626846K [0x00000000c0000000, 0x00000000e6480000, 0x00000000eab00000)
  object space 627200K, 99% used [0x00000000c0000000,0x00000000e6427940,0x00000000e6480000)
 Metaspace       used 88364K, committed 90048K, reserved 1179648K
  class space    used 8879K, committed 9664K, reserved 1048576K
}
Event: 48177.220 GC heap before
{Heap before GC invocations=1331 (full 5):
 PSYoungGen      total 5120K, used 608K [0x00000000eab00000, 0x00000000eb180000, 0x0000000100000000)
  eden space 3072K, 0% used [0x00000000eab00000,0x00000000eab00000,0x00000000eae00000)
  from space 2048K, 29% used [0x00000000eae00000,0x00000000eae98000,0x00000000eb000000)
  to   space 1536K, 0% used [0x00000000eb000000,0x00000000eb000000,0x00000000eb180000)
 ParOldGen       total 627200K, used 626846K [0x00000000c0000000, 0x00000000e6480000, 0x00000000eab00000)
  object space 627200K, 99% used [0x00000000c0000000,0x00000000e6427940,0x00000000e6480000)
 Metaspace       used 88364K, committed 90048K, reserved 1179648K
  class space    used 8879K, committed 9664K, reserved 1048576K
}

